[master 7b8d46d] تحديث تلقائي
 1 file changed, 0 insertions(+), 0 deletions(-)
 create mode 100644 nohup.out
To https://github.com/K-Yaseen/my-first-repo.git
   8ee2397..7b8d46d  master -> master
warning: in the working copy of 'nohup.out', LF will be replaced by CRLF the next time Git touches it
[master 8472afe] تحديث تلقائي
 1 file changed, 3 insertions(+)
To https://github.com/K-Yaseen/my-first-repo.git
   7b8d46d..8472afe  master -> master
warning: in the working copy of 'nohup.out', LF will be replaced by CRLF the next time Git touches it
[master 0c1b100] تحديث تلقائي
 1 file changed, 5 insertions(+)
To https://github.com/K-Yaseen/my-first-repo.git
   8472afe..0c1b100  master -> master
warning: in the working copy of 'nohup.out', LF will be replaced by CRLF the next time Git touches it
[master 2897dfe] تحديث تلقائي
 1 file changed, 5 insertions(+)
To https://github.com/K-Yaseen/my-first-repo.git
   0c1b100..2897dfe  master -> master
warning: in the working copy of 'nohup.out', LF will be replaced by CRLF the next time Git touches it
[master c5a3aa3] تحديث تلقائي
 1 file changed, 5 insertions(+)
To https://github.com/K-Yaseen/my-first-repo.git
   2897dfe..c5a3aa3  master -> master
warning: in the working copy of 'nohup.out', LF will be replaced by CRLF the next time Git touches it
[master 9e8d0dd] تحديث تلقائي
 1 file changed, 5 insertions(+)
To https://github.com/K-Yaseen/my-first-repo.git
   c5a3aa3..9e8d0dd  master -> master
warning: in the working copy of 'nohup.out', LF will be replaced by CRLF the next time Git touches it
[master 0483ce6] تحديث تلقائي
 1 file changed, 5 insertions(+)
To https://github.com/K-Yaseen/my-first-repo.git
   9e8d0dd..0483ce6  master -> master
warning: in the working copy of 'nohup.out', LF will be replaced by CRLF the next time Git touches it
[master 2885ea1] تحديث تلقائي
 1 file changed, 5 insertions(+)
To https://github.com/K-Yaseen/my-first-repo.git
   0483ce6..2885ea1  master -> master
warning: in the working copy of 'nohup.out', LF will be replaced by CRLF the next time Git touches it
[master 65a8f75] تحديث تلقائي
 1 file changed, 5 insertions(+)
To https://github.com/K-Yaseen/my-first-repo.git
   2885ea1..65a8f75  master -> master
warning: in the working copy of 'nohup.out', LF will be replaced by CRLF the next time Git touches it
[master e285781] تحديث تلقائي
 1 file changed, 5 insertions(+)
To https://github.com/K-Yaseen/my-first-repo.git
   65a8f75..e285781  master -> master
warning: in the working copy of 'nohup.out', LF will be replaced by CRLF the next time Git touches it
[master 5a90c21] تحديث تلقائي
 1 file changed, 5 insertions(+)
To https://github.com/K-Yaseen/my-first-repo.git
   e285781..5a90c21  master -> master
warning: in the working copy of 'nohup.out', LF will be replaced by CRLF the next time Git touches it
[master e678034] تحديث تلقائي
 1 file changed, 5 insertions(+)
To https://github.com/K-Yaseen/my-first-repo.git
   5a90c21..e678034  master -> master
warning: in the working copy of 'nohup.out', LF will be replaced by CRLF the next time Git touches it
[master da15893] تحديث تلقائي
 1 file changed, 5 insertions(+)
To https://github.com/K-Yaseen/my-first-repo.git
   e678034..da15893  master -> master
warning: in the working copy of 'nohup.out', LF will be replaced by CRLF the next time Git touches it
[master 7f00d5b] تحديث تلقائي
 1 file changed, 5 insertions(+)
To https://github.com/K-Yaseen/my-first-repo.git
   da15893..7f00d5b  master -> master
warning: in the working copy of 'nohup.out', LF will be replaced by CRLF the next time Git touches it
[master ddc08b8] تحديث تلقائي
 1 file changed, 5 insertions(+)
To https://github.com/K-Yaseen/my-first-repo.git
   7f00d5b..ddc08b8  master -> master
warning: in the working copy of 'nohup.out', LF will be replaced by CRLF the next time Git touches it
[master d37525b] تحديث تلقائي
 1 file changed, 5 insertions(+)
To https://github.com/K-Yaseen/my-first-repo.git
   ddc08b8..d37525b  master -> master
warning: in the working copy of 'nohup.out', LF will be replaced by CRLF the next time Git touches it
[master 0b96670] تحديث تلقائي
 1 file changed, 5 insertions(+)
To https://github.com/K-Yaseen/my-first-repo.git
   d37525b..0b96670  master -> master
warning: in the working copy of 'nohup.out', LF will be replaced by CRLF the next time Git touches it
[master aa58dcb] تحديث تلقائي
 1 file changed, 5 insertions(+)
To https://github.com/K-Yaseen/my-first-repo.git
   0b96670..aa58dcb  master -> master
warning: in the working copy of 'nohup.out', LF will be replaced by CRLF the next time Git touches it
[master 4b5f012] تحديث تلقائي
 1 file changed, 5 insertions(+)
To https://github.com/K-Yaseen/my-first-repo.git
   aa58dcb..4b5f012  master -> master
warning: in the working copy of 'nohup.out', LF will be replaced by CRLF the next time Git touches it
[master 61099e1] تحديث تلقائي
 1 file changed, 5 insertions(+)
To https://github.com/K-Yaseen/my-first-repo.git
   4b5f012..61099e1  master -> master
warning: in the working copy of 'nohup.out', LF will be replaced by CRLF the next time Git touches it
[master ad70de7] تحديث تلقائي
 1 file changed, 5 insertions(+)
To https://github.com/K-Yaseen/my-first-repo.git
   61099e1..ad70de7  master -> master
warning: in the working copy of 'nohup.out', LF will be replaced by CRLF the next time Git touches it
[master 248b49d] تحديث تلقائي
 1 file changed, 5 insertions(+)
To https://github.com/K-Yaseen/my-first-repo.git
   ad70de7..248b49d  master -> master
warning: in the working copy of 'nohup.out', LF will be replaced by CRLF the next time Git touches it
[master 52f55d8] تحديث تلقائي
 1 file changed, 5 insertions(+)
To https://github.com/K-Yaseen/my-first-repo.git
   248b49d..52f55d8  master -> master
warning: in the working copy of 'nohup.out', LF will be replaced by CRLF the next time Git touches it
[master 31536a3] تحديث تلقائي
 1 file changed, 5 insertions(+)
To https://github.com/K-Yaseen/my-first-repo.git
   52f55d8..31536a3  master -> master
warning: in the working copy of 'nohup.out', LF will be replaced by CRLF the next time Git touches it
[master 8cbb4fe] تحديث تلقائي
 1 file changed, 5 insertions(+)
To https://github.com/K-Yaseen/my-first-repo.git
   31536a3..8cbb4fe  master -> master
warning: in the working copy of 'nohup.out', LF will be replaced by CRLF the next time Git touches it
[master ee4316d] تحديث تلقائي
 1 file changed, 5 insertions(+)
To https://github.com/K-Yaseen/my-first-repo.git
   8cbb4fe..ee4316d  master -> master
warning: in the working copy of 'nohup.out', LF will be replaced by CRLF the next time Git touches it
[master 38c7add] تحديث تلقائي
 1 file changed, 5 insertions(+)
To https://github.com/K-Yaseen/my-first-repo.git
   ee4316d..38c7add  master -> master
warning: in the working copy of 'nohup.out', LF will be replaced by CRLF the next time Git touches it
[master c7182c7] تحديث تلقائي
 1 file changed, 5 insertions(+)
To https://github.com/K-Yaseen/my-first-repo.git
   38c7add..c7182c7  master -> master
warning: in the working copy of 'nohup.out', LF will be replaced by CRLF the next time Git touches it
[master 385945f] تحديث تلقائي
 1 file changed, 5 insertions(+)
To https://github.com/K-Yaseen/my-first-repo.git
   c7182c7..385945f  master -> master
warning: in the working copy of 'nohup.out', LF will be replaced by CRLF the next time Git touches it
[master efa9d40] تحديث تلقائي
 1 file changed, 5 insertions(+)
To https://github.com/K-Yaseen/my-first-repo.git
   385945f..efa9d40  master -> master
warning: in the working copy of 'nohup.out', LF will be replaced by CRLF the next time Git touches it
[master 88f7575] تحديث تلقائي
 1 file changed, 5 insertions(+)
To https://github.com/K-Yaseen/my-first-repo.git
   efa9d40..88f7575  master -> master
warning: in the working copy of 'nohup.out', LF will be replaced by CRLF the next time Git touches it
[master 186c0a1] تحديث تلقائي
 1 file changed, 5 insertions(+)
To https://github.com/K-Yaseen/my-first-repo.git
   88f7575..186c0a1  master -> master
warning: in the working copy of 'nohup.out', LF will be replaced by CRLF the next time Git touches it
[master a098938] تحديث تلقائي
 1 file changed, 5 insertions(+)
To https://github.com/K-Yaseen/my-first-repo.git
   186c0a1..a098938  master -> master
warning: in the working copy of 'nohup.out', LF will be replaced by CRLF the next time Git touches it
[master d379e17] تحديث تلقائي
 1 file changed, 5 insertions(+)
To https://github.com/K-Yaseen/my-first-repo.git
   a098938..d379e17  master -> master
warning: in the working copy of 'nohup.out', LF will be replaced by CRLF the next time Git touches it
[master 0a76983] تحديث تلقائي
 1 file changed, 5 insertions(+)
To https://github.com/K-Yaseen/my-first-repo.git
   d379e17..0a76983  master -> master
warning: in the working copy of 'nohup.out', LF will be replaced by CRLF the next time Git touches it
[master d2bc786] تحديث تلقائي
 1 file changed, 5 insertions(+)
To https://github.com/K-Yaseen/my-first-repo.git
   0a76983..d2bc786  master -> master
warning: in the working copy of 'nohup.out', LF will be replaced by CRLF the next time Git touches it
[master 04eb4b2] تحديث تلقائي
 1 file changed, 5 insertions(+)
To https://github.com/K-Yaseen/my-first-repo.git
   d2bc786..04eb4b2  master -> master
warning: in the working copy of 'nohup.out', LF will be replaced by CRLF the next time Git touches it
[master a0f5671] تحديث تلقائي
 1 file changed, 5 insertions(+)
To https://github.com/K-Yaseen/my-first-repo.git
   04eb4b2..a0f5671  master -> master
warning: in the working copy of 'nohup.out', LF will be replaced by CRLF the next time Git touches it
[master fed6557] تحديث تلقائي
 1 file changed, 5 insertions(+)
To https://github.com/K-Yaseen/my-first-repo.git
   a0f5671..fed6557  master -> master
warning: in the working copy of 'nohup.out', LF will be replaced by CRLF the next time Git touches it
[master 5aa6b97] تحديث تلقائي
 1 file changed, 5 insertions(+)
To https://github.com/K-Yaseen/my-first-repo.git
   fed6557..5aa6b97  master -> master
warning: in the working copy of 'nohup.out', LF will be replaced by CRLF the next time Git touches it
[master 0d7dd18] تحديث تلقائي
 1 file changed, 5 insertions(+)
To https://github.com/K-Yaseen/my-first-repo.git
   5aa6b97..0d7dd18  master -> master
warning: in the working copy of 'nohup.out', LF will be replaced by CRLF the next time Git touches it
[master afc78af] تحديث تلقائي
 1 file changed, 5 insertions(+)
To https://github.com/K-Yaseen/my-first-repo.git
   0d7dd18..afc78af  master -> master
warning: in the working copy of 'nohup.out', LF will be replaced by CRLF the next time Git touches it
[master 9983a9f] تحديث تلقائي
 1 file changed, 5 insertions(+)
To https://github.com/K-Yaseen/my-first-repo.git
   afc78af..9983a9f  master -> master
warning: in the working copy of 'nohup.out', LF will be replaced by CRLF the next time Git touches it
[master 1a8eb9d] تحديث تلقائي
 1 file changed, 5 insertions(+)
To https://github.com/K-Yaseen/my-first-repo.git
   9983a9f..1a8eb9d  master -> master
warning: in the working copy of 'nohup.out', LF will be replaced by CRLF the next time Git touches it
[master fae2514] تحديث تلقائي
 1 file changed, 5 insertions(+)
To https://github.com/K-Yaseen/my-first-repo.git
   1a8eb9d..fae2514  master -> master
warning: in the working copy of 'nohup.out', LF will be replaced by CRLF the next time Git touches it
[master f9476ba] تحديث تلقائي
 1 file changed, 5 insertions(+)
To https://github.com/K-Yaseen/my-first-repo.git
   fae2514..f9476ba  master -> master
warning: in the working copy of 'nohup.out', LF will be replaced by CRLF the next time Git touches it
[master 063df66] تحديث تلقائي
 1 file changed, 5 insertions(+)
